app/build/intermediates/manifest_merge_blame_file/debug/manifest-merger-blame-debug-report.txt
1<?xml version="1.0" encoding="utf-8"?>
2<manifest xmlns:android="http://schemas.android.com/apk/res/android"
3    package="com.example.clickerquest"
4    android:versionCode="1"
5    android:versionName="1.0" >
6
7    <uses-sdk
8        android:minSdkVersion="21"
8-->src\main\AndroidManifest.xml
9        android:targetSdkVersion="32" />
9-->src\main\AndroidManifest.xml
10
11    <uses-permission android:name="android.permission.ACCESS_NETWORK_STATE" />
11-->src\main\AndroidManifest.xml:5:5-79
11-->src\main\AndroidManifest.xml:5:22-76
12    <uses-permission android:name="android.permission.INTERNET" />
12-->src\main\AndroidManifest.xml:6:5-67
12-->src\main\AndroidManifest.xml:6:22-64
13    <uses-permission android:name="android.permission.WAKE_LOCK" />
13-->src\main\AndroidManifest.xml:7:5-68
13-->src\main\AndroidManifest.xml:7:22-65
14
15    <application
15-->src\main\AndroidManifest.xml:9:5-46:19
16        android:name="com.example.clickerquest.ParseApp"
16-->src\main\AndroidManifest.xml:10:9-33
17        android:allowBackup="true"
17-->src\main\AndroidManifest.xml:11:9-35
18        android:appComponentFactory="androidx.core.app.CoreComponentFactory"
18-->[androidx.core:core:1.7.0] AndroidManifest.xml:24:18-86
19        android:debuggable="true"
20        android:icon="@mipmap/ic_launcher"
20-->src\main\AndroidManifest.xml:12:9-43
21        android:label="@string/app_name"
21-->src\main\AndroidManifest.xml:13:9-41
22        android:roundIcon="@mipmap/ic_launcher_round"
22-->src\main\AndroidManifest.xml:14:9-54
23        android:supportsRtl="true"
23-->src\main\AndroidManifest.xml:15:9-35
24        android:testOnly="true"
25        android:theme="@style/Theme.ClickerQuest" >
25-->src\main\AndroidManifest.xml:16:9-50
26        <activity
26-->src\main\AndroidManifest.xml:17:9-19:40
27            android:name="com.example.clickerquest.StartMenu"
27-->src\main\AndroidManifest.xml:18:13-38
28            android:exported="false" />
28-->src\main\AndroidManifest.xml:19:13-37
29        <activity
29-->src\main\AndroidManifest.xml:20:9-22:40
30            android:name="com.example.clickerquest.Settings"
30-->src\main\AndroidManifest.xml:21:13-37
31            android:exported="false" />
31-->src\main\AndroidManifest.xml:22:13-37
32
33        <meta-data
33-->src\main\AndroidManifest.xml:24:9-26:59
34            android:name="com.parse.SERVER_URL"
34-->src\main\AndroidManifest.xml:25:13-48
35            android:value="@string/back4app_server_url" />
35-->src\main\AndroidManifest.xml:26:13-56
36        <meta-data
36-->src\main\AndroidManifest.xml:27:9-29:55
37            android:name="com.parse.APPLICATION_ID"
37-->src\main\AndroidManifest.xml:28:13-52
38            android:value="@string/back4app_app_id" />
38-->src\main\AndroidManifest.xml:29:13-52
39        <meta-data
39-->src\main\AndroidManifest.xml:30:9-32:59
40            android:name="com.parse.CLIENT_KEY"
40-->src\main\AndroidManifest.xml:31:13-48
41            android:value="@string/back4app_client_key" />
41-->src\main\AndroidManifest.xml:32:13-56
42
43        <activity
43-->src\main\AndroidManifest.xml:34:9-42:20
44            android:name="com.example.clickerquest.LoginActivity"
44-->src\main\AndroidManifest.xml:35:13-42
45            android:exported="true" >
45-->src\main\AndroidManifest.xml:36:13-36
46            <intent-filter>
46-->src\main\AndroidManifest.xml:37:13-41:29
47                <action android:name="android.intent.action.MAIN" />
47-->src\main\AndroidManifest.xml:38:17-69
47-->src\main\AndroidManifest.xml:38:25-66
48
49                <category android:name="android.intent.category.LAUNCHER" />
49-->src\main\AndroidManifest.xml:40:17-77
49-->src\main\AndroidManifest.xml:40:27-74
50            </intent-filter>
51        </activity>
52        <activity
52-->src\main\AndroidManifest.xml:43:9-45:39
53            android:name="com.example.clickerquest.MainActivity"
53-->src\main\AndroidManifest.xml:44:13-41
54            android:exported="true" />
54-->src\main\AndroidManifest.xml:45:13-36
55
56        <provider
56-->[androidx.emoji2:emoji2:1.0.0] AndroidManifest.xml:26:9-34:20
57            android:name="androidx.startup.InitializationProvider"
57-->[androidx.emoji2:emoji2:1.0.0] AndroidManifest.xml:27:13-67
58            android:authorities="com.example.clickerquest.androidx-startup"
58-->[androidx.emoji2:emoji2:1.0.0] AndroidManifest.xml:28:13-68
59            android:exported="false" >
59-->[androidx.emoji2:emoji2:1.0.0] AndroidManifest.xml:29:13-37
60            <meta-data
60-->[androidx.emoji2:emoji2:1.0.0] AndroidManifest.xml:31:13-33:52
61                android:name="androidx.emoji2.text.EmojiCompatInitializer"
61-->[androidx.emoji2:emoji2:1.0.0] AndroidManifest.xml:32:17-75
62                android:value="androidx.startup" />
62-->[androidx.emoji2:emoji2:1.0.0] AndroidManifest.xml:33:17-49
63            <meta-data
63-->[androidx.lifecycle:lifecycle-process:2.4.0] AndroidManifest.xml:31:13-33:52
64                android:name="androidx.lifecycle.ProcessLifecycleInitializer"
64-->[androidx.lifecycle:lifecycle-process:2.4.0] AndroidManifest.xml:32:17-78
65                android:value="androidx.startup" />
65-->[androidx.lifecycle:lifecycle-process:2.4.0] AndroidManifest.xml:33:17-49
66        </provider>
67    </application>
68
69</manifest>